
Chi sei?
  1) Configuratore
  2) Fruitore
Scelta: 
----------------------------------------------------
  ACCESSO FRUITORE
----------------------------------------------------
  1) Registrati
  2) Accedi
  0) Torna indietro
Scelta: 
----------------------------------------------------
  LOGIN FRUITORE
----------------------------------------------------
Username: Password: Benvenuto, aurora!

----------------------------------------------------
  MENU FRUITORE — aurora
----------------------------------------------------
  1) Visualizza bacheca proposte aperte
  2) Aderisci a una proposta
  3) Spazio personale (notifiche + proposte)
  4) Cancella una notifica
  0) Esci
Scelta: 
----------------------------------------------------
  SPAZIO PERSONALE
----------------------------------------------------
--- Notifiche ---
  [2026-07-10] categoria 'Sport' → stato CONFERMATA  (proposta id: a351e3b9-e1e5-4325-9b57-a15dc5328dc8)
      PROMEMORIA:
        Data = 2026-07-16
        Termine ultimo di iscrizione = 2026-07-09
        Luogo = Sala civica
        Ora = 18:00
        Data conclusiva = 2026-07-17
        Numero di partecipanti = 1
        Titolo = Torneo di scacchi
        Quota individuale = 10.50

--- Proposte a cui hai aderito ---
  - Sport  (stato: CONFERMATA, aderenti: 1)

----------------------------------------------------
  MENU FRUITORE — aurora
----------------------------------------------------
  1) Visualizza bacheca proposte aperte
  2) Aderisci a una proposta
  3) Spazio personale (notifiche + proposte)
  4) Cancella una notifica
  0) Esci
Scelta: Arrivederci.
